Using pre-set license
Built from '2020.3/staging' branch; Version is '2020.3.17f1 (a4537701e4ab) revision 10769271'; Using compiler version '192528614'; Build Type 'Release'
OS: 'Windows 10 Pro; OS build 19042.1165; Version 2009; 64bit' Language: 'fr' Physical Memory: 32712 MB
BatchMode: 1, IsHumanControllingUs: 0, StartBugReporterOnCrash: 0, Is64bit: 1, IsPro: 0

COMMAND LINE ARGUMENTS:
D:\UnityHub\UnityVersions\2020.3.17f1\Editor\Unity.exe
-adb2
-batchMode
-noUpm
-name
AssetImportWorker0
-projectPath
D:/UnityRepositories/Beatository/BeatCity
-logFile
Logs/AssetImportWorker0.log
-srvPort
56719
Successfully changed project path to: D:/UnityRepositories/Beatository/BeatCity
D:/UnityRepositories/Beatository/BeatCity
Using Asset Import Pipeline V2.
Refreshing native plugins compatible for Editor in 115.18 ms, found 2 plugins.
Preloading 0 native plugins for Editor in 0.00 ms.
Initialize engine version: 2020.3.17f1 (a4537701e4ab)
[Subsystems] Discovering subsystems at path D:/UnityHub/UnityVersions/2020.3.17f1/Editor/Data/Resources/UnitySubsystems
[Subsystems] Discovering subsystems at path D:/UnityRepositories/Beatository/BeatCity/Assets
GfxDevice: creating device client; threaded=0
Direct3D:
    Version:  Direct3D 11.0 [level 11.1]
    Renderer: NVIDIA GeForce RTX 2070 (ID=0x1f07)
    Vendor:   
    VRAM:     8031 MB
    Driver:   27.21.14.5751
Initialize mono
Mono path[0] = 'D:/UnityHub/UnityVersions/2020.3.17f1/Editor/Data/Managed'
Mono path[1] = 'D:/UnityHub/UnityVersions/2020.3.17f1/Editor/Data/MonoBleedingEdge/lib/mono/unityjit'
Mono config path = 'D:/UnityHub/UnityVersions/2020.3.17f1/Editor/Data/MonoBleedingEdge/etc'
Using monoOptions --debugger-agent=transport=dt_socket,embedding=1,server=y,suspend=n,address=127.0.0.1:56996
Begin MonoManager ReloadAssembly
Registering precompiled unity dll's ...
Register platform support module: D:/UnityHub/UnityVersions/2020.3.17f1/Editor/Data/PlaybackEngines/WebGLSupport/UnityEditor.WebGL.Extensions.dll
Register platform support module: D:/UnityHub/UnityVersions/2020.3.17f1/Editor/Data/PlaybackEngines/WindowsStandaloneSupport/UnityEditor.WindowsStandalone.Extensions.dll
Registered in 0.184669 seconds.
Native extension for WindowsStandalone target not found
Native extension for WebGL target not found
Refreshing native plugins compatible for Editor in 46.11 ms, found 2 plugins.
Preloading 0 native plugins for Editor in 0.00 ms.
Mono: successfully reloaded assembly
- Completed reload, in  5.102 seconds
Domain Reload Profiling:
	ReloadAssembly (5103ms)
		BeginReloadAssembly (1965ms)
			ExecutionOrderSort (0ms)
			DisableScriptedObjects (0ms)
			BackupInstance (0ms)
			ReleaseScriptingObjects (0ms)
			CreateAndSetChildDomain (1ms)
		EndReloadAssembly (620ms)
			LoadAssemblies (1968ms)
			RebuildTransferFunctionScriptingTraits (0ms)
			SetupTypeCache (351ms)
			ReleaseScriptCaches (0ms)
			RebuildScriptCaches (26ms)
			SetupLoadedEditorAssemblies (170ms)
				LogAssemblyErrors (0ms)
				InitializePlatformSupportModulesInManaged (4ms)
				SetLoadedEditorAssemblies (0ms)
				RefreshPlugins (46ms)
				BeforeProcessingInitializeOnLoad (16ms)
				ProcessInitializeOnLoadAttributes (73ms)
				ProcessInitializeOnLoadMethodAttributes (30ms)
				AfterProcessingInitializeOnLoad (0ms)
				EditorAssembliesLoaded (0ms)
			ExecutionOrderSort2 (0ms)
			AwakeInstancesAfterBackupRestoration (0ms)
Platform modules already initialized, skipping
Registering precompiled user dll's ...
Registered in 0.479753 seconds.
Begin MonoManager ReloadAssembly
Native extension for WindowsStandalone target not found
Native extension for WebGL target not found
Refreshing native plugins compatible for Editor in 47.59 ms, found 2 plugins.
Preloading 0 native plugins for Editor in 0.00 ms.
Mono: successfully reloaded assembly
- Completed reload, in  3.226 seconds
Domain Reload Profiling:
	ReloadAssembly (3230ms)
		BeginReloadAssembly (135ms)
			ExecutionOrderSort (0ms)
			DisableScriptedObjects (5ms)
			BackupInstance (0ms)
			ReleaseScriptingObjects (0ms)
			CreateAndSetChildDomain (17ms)
		EndReloadAssembly (3038ms)
			LoadAssemblies (1594ms)
			RebuildTransferFunctionScriptingTraits (0ms)
			SetupTypeCache (766ms)
			ReleaseScriptCaches (1ms)
			RebuildScriptCaches (45ms)
			SetupLoadedEditorAssemblies (512ms)
				LogAssemblyErrors (0ms)
				InitializePlatformSupportModulesInManaged (4ms)
				SetLoadedEditorAssemblies (0ms)
				RefreshPlugins (48ms)
				BeforeProcessingInitializeOnLoad (74ms)
				ProcessInitializeOnLoadAttributes (380ms)
				ProcessInitializeOnLoadMethodAttributes (4ms)
				AfterProcessingInitializeOnLoad (3ms)
				EditorAssembliesLoaded (0ms)
			ExecutionOrderSort2 (0ms)
			AwakeInstancesAfterBackupRestoration (6ms)
Platform modules already initialized, skipping
========================================================================
Worker process is ready to serve import requests
Launched and connected shader compiler UnityShaderCompiler.exe after 0.10 seconds
Refreshing native plugins compatible for Editor in 0.49 ms, found 2 plugins.
Preloading 0 native plugins for Editor in 0.00 ms.
Unloading 2709 Unused Serialized files (Serialized files now loaded: 0)
System memory in use before: 141.8 MB.
System memory in use after: 142.0 MB.

Unloading 19 unused Assets to reduce memory usage. Loaded Objects now: 3178.
Total: 3.335600 ms (FindLiveObjects: 0.276500 ms CreateObjectMapping: 0.066100 ms MarkObjects: 2.880400 ms  DeleteObjects: 0.111200 ms)

AssetImportParameters requested are different than current active one (requested -> active):
  custom:framework-win-MediaFoundation: 216162199b28c13a410421893ffa2e32 -> 
  custom:video-decoder-ogg-theora: a1e56fd34408186e4bbccfd4996cb3dc -> 
  custom:container-muxer-webm: aa71ff27fc2769a1b78a27578f13a17b -> 
  custom:container-demuxer-webm: 4f35f7cbe854078d1ac9338744f61a02 -> 
  custom:container-demuxer-ogg: 62fdf1f143b41e24485cea50d1cbac27 -> 
  custom:video-encoder-webm-vp8: eb34c28f22e8b96e1ab97ce403110664 -> 
  custom:video-decoder-webm-vp8: 9c59270c3fd7afecdb556c50c9e8de78 -> 
  custom:audio-decoder-ogg-vorbis: bf7c407c2cedff20999df2af8eb42d56 -> 
  custom:audio-encoder-webm-vorbis: bf7c407c2cedff20999df2af8eb42d56 -> 
========================================================================
Received Import Request.
  path: Assets/Scripts/InputListener.cs
  artifactKey: Guid(1a9c52cafe76b9c40997bbaa26f30cb5) Importer(815301076,1909f56bfc062723c751e8b465ee728b)
Start importing Assets/Scripts/InputListener.cs using Guid(1a9c52cafe76b9c40997bbaa26f30cb5) Importer(815301076,1909f56bfc062723c751e8b465ee728b)  -> (artifact id: 'f0babd91e3c8564c5dfa6754000ad26d') in 0.049708 seconds 
  Import took 0.053401 seconds .

========================================================================
Received Import Request.
  Time since last request: 0.000204 seconds.
  path: Assets/Scripts/GroundChecker.cs
  artifactKey: Guid(7801a075f17783740ac28e6fba630d8b) Importer(815301076,1909f56bfc062723c751e8b465ee728b)
Start importing Assets/Scripts/GroundChecker.cs using Guid(7801a075f17783740ac28e6fba630d8b) Importer(815301076,1909f56bfc062723c751e8b465ee728b)  -> (artifact id: '9bf5f7923d48fc9fc37bbdf0cd43a8a9') in 0.005963 seconds 
  Import took 0.009177 seconds .

========================================================================
Received Import Request.
  Time since last request: 0.000199 seconds.
  path: Assets/Scripts/RunController.cs
  artifactKey: Guid(eb258465409dc6d46910150e3e78c466) Importer(815301076,1909f56bfc062723c751e8b465ee728b)
Start importing Assets/Scripts/RunController.cs using Guid(eb258465409dc6d46910150e3e78c466) Importer(815301076,1909f56bfc062723c751e8b465ee728b)  -> (artifact id: '5285178a62b19ad7946c0f0ef179b049') in 0.006723 seconds 
  Import took 0.010255 seconds .

========================================================================
Received Import Request.
  Time since last request: 9.874976 seconds.
  path: Assets/Scripts/MouseLook.cs
  artifactKey: Guid(8943277b10bde1d44bc2c79641782540) Importer(815301076,1909f56bfc062723c751e8b465ee728b)
Start importing Assets/Scripts/MouseLook.cs using Guid(8943277b10bde1d44bc2c79641782540) Importer(815301076,1909f56bfc062723c751e8b465ee728b)  -> (artifact id: '0a90066fd164881db80b171fa7d2340e') in 0.007683 seconds 
  Import took 0.011525 seconds .

========================================================================
Received Import Request.
  Time since last request: 2.125528 seconds.
  path: Assets/Scripts/BeatManager.cs
  artifactKey: Guid(cb664c3a7d227244094773e08a25bc14) Importer(815301076,1909f56bfc062723c751e8b465ee728b)
Start importing Assets/Scripts/BeatManager.cs using Guid(cb664c3a7d227244094773e08a25bc14) Importer(815301076,1909f56bfc062723c751e8b465ee728b)  -> (artifact id: 'a90e14188dddef84479a1efbd8ff12c0') in 0.004604 seconds 
  Import took 0.008241 seconds .

========================================================================
Received Import Request.
  Time since last request: 1.104219 seconds.
  path: Assets/Scripts/BeatManager.cs
  artifactKey: Guid(cb664c3a7d227244094773e08a25bc14) Importer(815301076,1909f56bfc062723c751e8b465ee728b)
Start importing Assets/Scripts/BeatManager.cs using Guid(cb664c3a7d227244094773e08a25bc14) Importer(815301076,1909f56bfc062723c751e8b465ee728b)  -> (artifact id: 'a90e14188dddef84479a1efbd8ff12c0') in 0.001945 seconds 
  Import took 0.005679 seconds .

========================================================================
Received Import Request.
  Time since last request: 7.854008 seconds.
  path: Assets/Scripts/ForceApplier.cs
  artifactKey: Guid(a6842a16b89d8074ba3b789dfc27441e) Importer(815301076,1909f56bfc062723c751e8b465ee728b)
Start importing Assets/Scripts/ForceApplier.cs using Guid(a6842a16b89d8074ba3b789dfc27441e) Importer(815301076,1909f56bfc062723c751e8b465ee728b)  -> (artifact id: 'f3c6177d22989061ec30c234180464f0') in 0.007646 seconds 
  Import took 0.011766 seconds .

========================================================================
Received Import Request.
  Time since last request: 0.002930 seconds.
  path: Assets/Scripts/ForceApplier.cs
  artifactKey: Guid(a6842a16b89d8074ba3b789dfc27441e) Importer(815301076,1909f56bfc062723c751e8b465ee728b)
Start importing Assets/Scripts/ForceApplier.cs using Guid(a6842a16b89d8074ba3b789dfc27441e) Importer(815301076,1909f56bfc062723c751e8b465ee728b)  -> (artifact id: 'f3c6177d22989061ec30c234180464f0') in 0.002332 seconds 
  Import took 0.006289 seconds .

AssetImportWorkerClient::OnTransportError - code=2 error=End of file
